2025-06-09 21:50:00,758 - INFO - method=GET path=/docs status_code=200 process_time=0.0012s
2025-06-09 21:50:01,061 - INFO - method=GET path=/openapi.json status_code=200 process_time=0.0332s
2025-06-09 21:50:07,296 - INFO - method=GET path=/docs status_code=200 process_time=0.0000s
2025-06-09 21:50:07,349 - INFO - method=GET path=/openapi.json status_code=200 process_time=0.0000s
2025-06-09 22:59:11,263 - INFO - method=GET path=/ status_code=200 process_time=0.0011s
2025-06-09 22:59:11,318 - INFO - method=GET path=/favicon.ico status_code=404 process_time=0.0000s
2025-06-09 22:59:15,896 - INFO - method=GET path=/docs status_code=200 process_time=0.0000s
2025-06-09 22:59:16,084 - INFO - method=GET path=/openapi.json status_code=200 process_time=0.0082s
2025-07-02 22:35:44,255 - INFO - method=GET path=/ status_code=200 process_time=0.0000s
2025-07-02 22:35:44,308 - INFO - method=GET path=/favicon.ico status_code=404 process_time=0.0009s
2025-07-02 22:35:47,682 - INFO - method=GET path=/docs status_code=200 process_time=0.0000s
2025-07-02 22:35:48,059 - INFO - method=GET path=/openapi.json status_code=200 process_time=0.0365s
2025-07-02 22:35:54,859 - INFO - HTTP Request: GET https://pokeapi.co/api/v2/pokemon?limit=20&offset=0 "HTTP/1.1 200 OK"
2025-07-02 22:35:59,197 - INFO - HTTP Request: GET https://pokeapi.co/api/v2/pokemon/bulbasaur "HTTP/1.1 200 OK"
2025-07-02 22:35:59,204 - INFO - HTTP Request: GET https://pokeapi.co/api/v2/pokemon/charmeleon "HTTP/1.1 200 OK"
2025-07-02 22:35:59,218 - INFO - HTTP Request: GET https://pokeapi.co/api/v2/pokemon/charmander "HTTP/1.1 200 OK"
2025-07-02 22:35:59,218 - INFO - HTTP Request: GET https://pokeapi.co/api/v2/pokemon/butterfree "HTTP/1.1 200 OK"
2025-07-02 22:35:59,225 - INFO - HTTP Request: GET https://pokeapi.co/api/v2/pokemon/caterpie "HTTP/1.1 200 OK"
2025-07-02 22:35:59,225 - INFO - HTTP Request: GET https://pokeapi.co/api/v2/pokemon/blastoise "HTTP/1.1 200 OK"
2025-07-02 22:35:59,225 - INFO - HTTP Request: GET https://pokeapi.co/api/v2/pokemon/squirtle "HTTP/1.1 200 OK"
2025-07-02 22:35:59,232 - INFO - HTTP Request: GET https://pokeapi.co/api/v2/pokemon/pidgey "HTTP/1.1 200 OK"
2025-07-02 22:35:59,232 - INFO - HTTP Request: GET https://pokeapi.co/api/v2/pokemon/charizard "HTTP/1.1 200 OK"
2025-07-02 22:35:59,232 - INFO - HTTP Request: GET https://pokeapi.co/api/v2/pokemon/beedrill "HTTP/1.1 200 OK"
2025-07-02 22:35:59,238 - INFO - HTTP Request: GET https://pokeapi.co/api/v2/pokemon/weedle "HTTP/1.1 200 OK"
2025-07-02 22:35:59,238 - INFO - HTTP Request: GET https://pokeapi.co/api/v2/pokemon/pidgeotto "HTTP/1.1 200 OK"
2025-07-02 22:35:59,238 - INFO - HTTP Request: GET https://pokeapi.co/api/v2/pokemon/pidgeot "HTTP/1.1 200 OK"
2025-07-02 22:35:59,238 - INFO - HTTP Request: GET https://pokeapi.co/api/v2/pokemon/ivysaur "HTTP/1.1 200 OK"
2025-07-02 22:35:59,238 - INFO - HTTP Request: GET https://pokeapi.co/api/v2/pokemon/venusaur "HTTP/1.1 200 OK"
2025-07-02 22:35:59,238 - INFO - HTTP Request: GET https://pokeapi.co/api/v2/pokemon/raticate "HTTP/1.1 200 OK"
2025-07-02 22:35:59,238 - INFO - HTTP Request: GET https://pokeapi.co/api/v2/pokemon/rattata "HTTP/1.1 200 OK"
2025-07-02 22:35:59,245 - INFO - HTTP Request: GET https://pokeapi.co/api/v2/pokemon/metapod "HTTP/1.1 200 OK"
2025-07-02 22:35:59,245 - INFO - HTTP Request: GET https://pokeapi.co/api/v2/pokemon/kakuna "HTTP/1.1 200 OK"
2025-07-02 22:35:59,259 - INFO - HTTP Request: GET https://pokeapi.co/api/v2/pokemon/wartortle "HTTP/1.1 200 OK"
2025-07-02 22:35:59,266 - INFO - method=GET path=/pokemon/ status_code=200 process_time=4.7765s
2025-07-02 22:39:05,312 - INFO - method=GET path=/docs status_code=200 process_time=0.0010s
2025-07-02 22:39:05,573 - INFO - method=GET path=/openapi.json status_code=200 process_time=0.0030s
2025-07-02 22:39:12,294 - INFO - HTTP Request: GET https://pokeapi.co/api/v2/pokemon?limit=50&offset=0 "HTTP/1.1 200 OK"
2025-07-02 22:39:23,591 - INFO - HTTP Request: GET https://pokeapi.co/api/v2/pokemon/venusaur "HTTP/1.1 200 OK"
2025-07-02 22:39:23,605 - INFO - HTTP Request: GET https://pokeapi.co/api/v2/pokemon/ivysaur "HTTP/1.1 200 OK"
2025-07-02 22:39:23,605 - INFO - HTTP Request: GET https://pokeapi.co/api/v2/pokemon/weedle "HTTP/1.1 200 OK"
2025-07-02 22:39:23,605 - INFO - HTTP Request: GET https://pokeapi.co/api/v2/pokemon/bulbasaur "HTTP/1.1 200 OK"
2025-07-02 22:39:23,619 - INFO - HTTP Request: GET https://pokeapi.co/api/v2/pokemon/charmeleon "HTTP/1.1 200 OK"
2025-07-02 22:39:23,619 - INFO - HTTP Request: GET https://pokeapi.co/api/v2/pokemon/blastoise "HTTP/1.1 200 OK"
2025-07-02 22:39:23,619 - INFO - HTTP Request: GET https://pokeapi.co/api/v2/pokemon/wartortle "HTTP/1.1 200 OK"
2025-07-02 22:39:23,634 - INFO - HTTP Request: GET https://pokeapi.co/api/v2/pokemon/squirtle "HTTP/1.1 200 OK"
2025-07-02 22:39:23,634 - INFO - HTTP Request: GET https://pokeapi.co/api/v2/pokemon/fearow "HTTP/1.1 200 OK"
2025-07-02 22:39:23,634 - INFO - HTTP Request: GET https://pokeapi.co/api/v2/pokemon/pidgey "HTTP/1.1 200 OK"
2025-07-02 22:39:23,634 - INFO - HTTP Request: GET https://pokeapi.co/api/v2/pokemon/butterfree "HTTP/1.1 200 OK"
2025-07-02 22:39:23,634 - INFO - HTTP Request: GET https://pokeapi.co/api/v2/pokemon/caterpie "HTTP/1.1 200 OK"
2025-07-02 22:39:23,634 - INFO - HTTP Request: GET https://pokeapi.co/api/v2/pokemon/nidoqueen "HTTP/1.1 200 OK"
2025-07-02 22:39:23,634 - INFO - HTTP Request: GET https://pokeapi.co/api/v2/pokemon/charizard "HTTP/1.1 200 OK"
2025-07-02 22:39:23,634 - INFO - HTTP Request: GET https://pokeapi.co/api/v2/pokemon/metapod "HTTP/1.1 200 OK"
2025-07-02 22:39:23,634 - INFO - HTTP Request: GET https://pokeapi.co/api/v2/pokemon/raticate "HTTP/1.1 200 OK"
2025-07-02 22:39:23,650 - INFO - HTTP Request: GET https://pokeapi.co/api/v2/pokemon/arbok "HTTP/1.1 200 OK"
2025-07-02 22:39:23,650 - INFO - HTTP Request: GET https://pokeapi.co/api/v2/pokemon/pidgeotto "HTTP/1.1 200 OK"
2025-07-02 22:39:23,660 - INFO - HTTP Request: GET https://pokeapi.co/api/v2/pokemon/parasect "HTTP/1.1 200 OK"
2025-07-02 22:39:23,660 - INFO - HTTP Request: GET https://pokeapi.co/api/v2/pokemon/beedrill "HTTP/1.1 200 OK"
2025-07-02 22:39:23,660 - INFO - HTTP Request: GET https://pokeapi.co/api/v2/pokemon/vileplume "HTTP/1.1 200 OK"
2025-07-02 22:39:23,660 - INFO - HTTP Request: GET https://pokeapi.co/api/v2/pokemon/rattata "HTTP/1.1 200 OK"
2025-07-02 22:39:23,660 - INFO - HTTP Request: GET https://pokeapi.co/api/v2/pokemon/kakuna "HTTP/1.1 200 OK"
2025-07-02 22:39:23,667 - INFO - HTTP Request: GET https://pokeapi.co/api/v2/pokemon/raichu "HTTP/1.1 200 OK"
2025-07-02 22:39:23,681 - INFO - HTTP Request: GET https://pokeapi.co/api/v2/pokemon/nidoran-f "HTTP/1.1 200 OK"
2025-07-02 22:39:23,681 - INFO - HTTP Request: GET https://pokeapi.co/api/v2/pokemon/charmander "HTTP/1.1 200 OK"
2025-07-02 22:39:23,681 - INFO - HTTP Request: GET https://pokeapi.co/api/v2/pokemon/zubat "HTTP/1.1 200 OK"
2025-07-02 22:39:23,681 - INFO - HTTP Request: GET https://pokeapi.co/api/v2/pokemon/spearow "HTTP/1.1 200 OK"
2025-07-02 22:39:23,695 - INFO - HTTP Request: GET https://pokeapi.co/api/v2/pokemon/paras "HTTP/1.1 200 OK"
2025-07-02 22:39:23,695 - INFO - HTTP Request: GET https://pokeapi.co/api/v2/pokemon/pikachu "HTTP/1.1 200 OK"
2025-07-02 22:39:23,695 - INFO - HTTP Request: GET https://pokeapi.co/api/v2/pokemon/ninetales "HTTP/1.1 200 OK"
2025-07-02 22:39:23,695 - INFO - HTTP Request: GET https://pokeapi.co/api/v2/pokemon/diglett "HTTP/1.1 200 OK"
2025-07-02 22:39:23,695 - INFO - HTTP Request: GET https://pokeapi.co/api/v2/pokemon/golbat "HTTP/1.1 200 OK"
2025-07-02 22:39:23,695 - INFO - HTTP Request: GET https://pokeapi.co/api/v2/pokemon/nidoran-m "HTTP/1.1 200 OK"
2025-07-02 22:39:23,695 - INFO - HTTP Request: GET https://pokeapi.co/api/v2/pokemon/nidorina "HTTP/1.1 200 OK"
2025-07-02 22:39:23,695 - INFO - HTTP Request: GET https://pokeapi.co/api/v2/pokemon/sandslash "HTTP/1.1 200 OK"
2025-07-02 22:39:23,695 - INFO - HTTP Request: GET https://pokeapi.co/api/v2/pokemon/sandshrew "HTTP/1.1 200 OK"
2025-07-02 22:39:23,695 - INFO - HTTP Request: GET https://pokeapi.co/api/v2/pokemon/nidorino "HTTP/1.1 200 OK"
2025-07-02 22:39:23,695 - INFO - HTTP Request: GET https://pokeapi.co/api/v2/pokemon/vulpix "HTTP/1.1 200 OK"
2025-07-02 22:39:23,709 - INFO - HTTP Request: GET https://pokeapi.co/api/v2/pokemon/clefairy "HTTP/1.1 200 OK"
2025-07-02 22:39:23,709 - INFO - HTTP Request: GET https://pokeapi.co/api/v2/pokemon/pidgeot "HTTP/1.1 200 OK"
2025-07-02 22:39:23,709 - INFO - HTTP Request: GET https://pokeapi.co/api/v2/pokemon/clefable "HTTP/1.1 200 OK"
2025-07-02 22:39:23,709 - INFO - HTTP Request: GET https://pokeapi.co/api/v2/pokemon/venomoth "HTTP/1.1 200 OK"
2025-07-02 22:39:23,709 - INFO - HTTP Request: GET https://pokeapi.co/api/v2/pokemon/wigglytuff "HTTP/1.1 200 OK"
2025-07-02 22:39:23,744 - INFO - HTTP Request: GET https://pokeapi.co/api/v2/pokemon/venonat "HTTP/1.1 200 OK"
2025-07-02 22:39:23,744 - INFO - HTTP Request: GET https://pokeapi.co/api/v2/pokemon/gloom "HTTP/1.1 200 OK"
2025-07-02 22:39:23,744 - INFO - HTTP Request: GET https://pokeapi.co/api/v2/pokemon/nidoking "HTTP/1.1 200 OK"
2025-07-02 22:39:23,744 - INFO - HTTP Request: GET https://pokeapi.co/api/v2/pokemon/oddish "HTTP/1.1 200 OK"
2025-07-02 22:39:23,744 - INFO - HTTP Request: GET https://pokeapi.co/api/v2/pokemon/ekans "HTTP/1.1 200 OK"
2025-07-02 22:39:23,744 - INFO - HTTP Request: GET https://pokeapi.co/api/v2/pokemon/jigglypuff "HTTP/1.1 200 OK"
2025-07-02 22:39:23,765 - INFO - method=GET path=/pokemon/top/ status_code=500 process_time=11.8015s
2025-07-02 22:41:42,139 - INFO - method=GET path=/docs status_code=200 process_time=0.0000s
2025-07-02 22:41:42,300 - INFO - method=GET path=/openapi.json status_code=200 process_time=0.0146s
2025-07-02 22:41:45,059 - INFO - HTTP Request: GET https://pokeapi.co/api/v2/pokemon?limit=50&offset=0 "HTTP/1.1 200 OK"
2025-07-02 22:41:55,945 - INFO - HTTP Request: GET https://pokeapi.co/api/v2/pokemon/charmander "HTTP/1.1 200 OK"
2025-07-02 22:41:55,952 - INFO - HTTP Request: GET https://pokeapi.co/api/v2/pokemon/charizard "HTTP/1.1 200 OK"
2025-07-02 22:41:55,959 - INFO - HTTP Request: GET https://pokeapi.co/api/v2/pokemon/ivysaur "HTTP/1.1 200 OK"
2025-07-02 22:41:55,959 - INFO - HTTP Request: GET https://pokeapi.co/api/v2/pokemon/bulbasaur "HTTP/1.1 200 OK"
2025-07-02 22:41:55,959 - INFO - HTTP Request: GET https://pokeapi.co/api/v2/pokemon/squirtle "HTTP/1.1 200 OK"
2025-07-02 22:41:55,972 - INFO - HTTP Request: GET https://pokeapi.co/api/v2/pokemon/caterpie "HTTP/1.1 200 OK"
2025-07-02 22:41:55,972 - INFO - HTTP Request: GET https://pokeapi.co/api/v2/pokemon/wartortle "HTTP/1.1 200 OK"
2025-07-02 22:41:55,979 - INFO - HTTP Request: GET https://pokeapi.co/api/v2/pokemon/butterfree "HTTP/1.1 200 OK"
2025-07-02 22:41:55,979 - INFO - HTTP Request: GET https://pokeapi.co/api/v2/pokemon/charmeleon "HTTP/1.1 200 OK"
2025-07-02 22:41:55,979 - INFO - HTTP Request: GET https://pokeapi.co/api/v2/pokemon/pidgeotto "HTTP/1.1 200 OK"
2025-07-02 22:41:55,986 - INFO - HTTP Request: GET https://pokeapi.co/api/v2/pokemon/kakuna "HTTP/1.1 200 OK"
2025-07-02 22:41:55,986 - INFO - HTTP Request: GET https://pokeapi.co/api/v2/pokemon/venusaur "HTTP/1.1 200 OK"
2025-07-02 22:41:55,986 - INFO - HTTP Request: GET https://pokeapi.co/api/v2/pokemon/weedle "HTTP/1.1 200 OK"
2025-07-02 22:41:55,993 - INFO - HTTP Request: GET https://pokeapi.co/api/v2/pokemon/gloom "HTTP/1.1 200 OK"
2025-07-02 22:41:55,993 - INFO - HTTP Request: GET https://pokeapi.co/api/v2/pokemon/zubat "HTTP/1.1 200 OK"
2025-07-02 22:41:55,993 - INFO - HTTP Request: GET https://pokeapi.co/api/v2/pokemon/nidoking "HTTP/1.1 200 OK"
2025-07-02 22:41:55,993 - INFO - HTTP Request: GET https://pokeapi.co/api/v2/pokemon/raticate "HTTP/1.1 200 OK"
2025-07-02 22:41:56,000 - INFO - HTTP Request: GET https://pokeapi.co/api/v2/pokemon/rattata "HTTP/1.1 200 OK"
2025-07-02 22:41:56,000 - INFO - HTTP Request: GET https://pokeapi.co/api/v2/pokemon/blastoise "HTTP/1.1 200 OK"
2025-07-02 22:41:56,007 - INFO - HTTP Request: GET https://pokeapi.co/api/v2/pokemon/spearow "HTTP/1.1 200 OK"
2025-07-02 22:41:56,007 - INFO - HTTP Request: GET https://pokeapi.co/api/v2/pokemon/parasect "HTTP/1.1 200 OK"
2025-07-02 22:41:56,007 - INFO - HTTP Request: GET https://pokeapi.co/api/v2/pokemon/wigglytuff "HTTP/1.1 200 OK"
2025-07-02 22:41:56,021 - INFO - HTTP Request: GET https://pokeapi.co/api/v2/pokemon/nidoran-f "HTTP/1.1 200 OK"
2025-07-02 22:41:56,021 - INFO - HTTP Request: GET https://pokeapi.co/api/v2/pokemon/pikachu "HTTP/1.1 200 OK"
2025-07-02 22:41:56,028 - INFO - HTTP Request: GET https://pokeapi.co/api/v2/pokemon/metapod "HTTP/1.1 200 OK"
2025-07-02 22:41:56,028 - INFO - HTTP Request: GET https://pokeapi.co/api/v2/pokemon/raichu "HTTP/1.1 200 OK"
2025-07-02 22:41:56,028 - INFO - HTTP Request: GET https://pokeapi.co/api/v2/pokemon/beedrill "HTTP/1.1 200 OK"
2025-07-02 22:41:56,028 - INFO - HTTP Request: GET https://pokeapi.co/api/v2/pokemon/nidorino "HTTP/1.1 200 OK"
2025-07-02 22:41:56,028 - INFO - HTTP Request: GET https://pokeapi.co/api/v2/pokemon/vulpix "HTTP/1.1 200 OK"
2025-07-02 22:41:56,028 - INFO - HTTP Request: GET https://pokeapi.co/api/v2/pokemon/ekans "HTTP/1.1 200 OK"
2025-07-02 22:41:56,042 - INFO - HTTP Request: GET https://pokeapi.co/api/v2/pokemon/arbok "HTTP/1.1 200 OK"
2025-07-02 22:41:56,042 - INFO - HTTP Request: GET https://pokeapi.co/api/v2/pokemon/oddish "HTTP/1.1 200 OK"
2025-07-02 22:41:56,042 - INFO - HTTP Request: GET https://pokeapi.co/api/v2/pokemon/nidoqueen "HTTP/1.1 200 OK"
2025-07-02 22:41:56,042 - INFO - HTTP Request: GET https://pokeapi.co/api/v2/pokemon/clefable "HTTP/1.1 200 OK"
2025-07-02 22:41:56,042 - INFO - HTTP Request: GET https://pokeapi.co/api/v2/pokemon/vileplume "HTTP/1.1 200 OK"
2025-07-02 22:41:56,056 - INFO - HTTP Request: GET https://pokeapi.co/api/v2/pokemon/paras "HTTP/1.1 200 OK"
2025-07-02 22:41:56,063 - INFO - HTTP Request: GET https://pokeapi.co/api/v2/pokemon/jigglypuff "HTTP/1.1 200 OK"
2025-07-02 22:41:56,063 - INFO - HTTP Request: GET https://pokeapi.co/api/v2/pokemon/nidoran-m "HTTP/1.1 200 OK"
2025-07-02 22:41:56,063 - INFO - HTTP Request: GET https://pokeapi.co/api/v2/pokemon/venomoth "HTTP/1.1 200 OK"
2025-07-02 22:41:56,063 - INFO - HTTP Request: GET https://pokeapi.co/api/v2/pokemon/venonat "HTTP/1.1 200 OK"
2025-07-02 22:41:56,063 - INFO - HTTP Request: GET https://pokeapi.co/api/v2/pokemon/pidgey "HTTP/1.1 200 OK"
2025-07-02 22:41:56,063 - INFO - HTTP Request: GET https://pokeapi.co/api/v2/pokemon/diglett "HTTP/1.1 200 OK"
2025-07-02 22:41:56,063 - INFO - HTTP Request: GET https://pokeapi.co/api/v2/pokemon/golbat "HTTP/1.1 200 OK"
2025-07-02 22:41:56,063 - INFO - HTTP Request: GET https://pokeapi.co/api/v2/pokemon/ninetales "HTTP/1.1 200 OK"
2025-07-02 22:41:56,070 - INFO - HTTP Request: GET https://pokeapi.co/api/v2/pokemon/sandshrew "HTTP/1.1 200 OK"
2025-07-02 22:41:56,070 - INFO - HTTP Request: GET https://pokeapi.co/api/v2/pokemon/fearow "HTTP/1.1 200 OK"
2025-07-02 22:41:56,070 - INFO - HTTP Request: GET https://pokeapi.co/api/v2/pokemon/clefairy "HTTP/1.1 200 OK"
2025-07-02 22:41:56,070 - INFO - HTTP Request: GET https://pokeapi.co/api/v2/pokemon/nidorina "HTTP/1.1 200 OK"
2025-07-02 22:41:56,070 - INFO - HTTP Request: GET https://pokeapi.co/api/v2/pokemon/pidgeot "HTTP/1.1 200 OK"
2025-07-02 22:41:56,077 - INFO - HTTP Request: GET https://pokeapi.co/api/v2/pokemon/sandslash "HTTP/1.1 200 OK"
2025-07-02 22:41:56,146 - INFO - method=GET path=/pokemon/top/ status_code=200 process_time=11.3932s
2025-07-02 22:44:19,407 - INFO - HTTP Request: GET https://pokeapi.co/api/v2/pokemon?limit=20&offset=0 "HTTP/1.1 200 OK"
2025-07-02 22:44:23,865 - INFO - HTTP Request: GET https://pokeapi.co/api/v2/pokemon/bulbasaur "HTTP/1.1 200 OK"
2025-07-02 22:44:23,881 - INFO - HTTP Request: GET https://pokeapi.co/api/v2/pokemon/venusaur "HTTP/1.1 200 OK"
2025-07-02 22:44:23,891 - INFO - HTTP Request: GET https://pokeapi.co/api/v2/pokemon/charmander "HTTP/1.1 200 OK"
2025-07-02 22:44:23,895 - INFO - HTTP Request: GET https://pokeapi.co/api/v2/pokemon/wartortle "HTTP/1.1 200 OK"
2025-07-02 22:44:23,895 - INFO - HTTP Request: GET https://pokeapi.co/api/v2/pokemon/blastoise "HTTP/1.1 200 OK"
2025-07-02 22:44:23,895 - INFO - HTTP Request: GET https://pokeapi.co/api/v2/pokemon/weedle "HTTP/1.1 200 OK"
2025-07-02 22:44:23,895 - INFO - HTTP Request: GET https://pokeapi.co/api/v2/pokemon/pidgey "HTTP/1.1 200 OK"
2025-07-02 22:44:23,898 - INFO - HTTP Request: GET https://pokeapi.co/api/v2/pokemon/rattata "HTTP/1.1 200 OK"
2025-07-02 22:44:23,898 - INFO - HTTP Request: GET https://pokeapi.co/api/v2/pokemon/caterpie "HTTP/1.1 200 OK"
2025-07-02 22:44:23,905 - INFO - HTTP Request: GET https://pokeapi.co/api/v2/pokemon/ivysaur "HTTP/1.1 200 OK"
2025-07-02 22:44:23,906 - INFO - HTTP Request: GET https://pokeapi.co/api/v2/pokemon/charizard "HTTP/1.1 200 OK"
2025-07-02 22:44:23,907 - INFO - HTTP Request: GET https://pokeapi.co/api/v2/pokemon/squirtle "HTTP/1.1 200 OK"
2025-07-02 22:44:23,908 - INFO - HTTP Request: GET https://pokeapi.co/api/v2/pokemon/butterfree "HTTP/1.1 200 OK"
2025-07-02 22:44:23,922 - INFO - HTTP Request: GET https://pokeapi.co/api/v2/pokemon/charmeleon "HTTP/1.1 200 OK"
2025-07-02 22:44:23,923 - INFO - HTTP Request: GET https://pokeapi.co/api/v2/pokemon/kakuna "HTTP/1.1 200 OK"
2025-07-02 22:44:23,923 - INFO - HTTP Request: GET https://pokeapi.co/api/v2/pokemon/metapod "HTTP/1.1 200 OK"
2025-07-02 22:44:23,923 - INFO - HTTP Request: GET https://pokeapi.co/api/v2/pokemon/pidgeotto "HTTP/1.1 200 OK"
2025-07-02 22:44:23,926 - INFO - HTTP Request: GET https://pokeapi.co/api/v2/pokemon/pidgeot "HTTP/1.1 200 OK"
2025-07-02 22:44:23,927 - INFO - HTTP Request: GET https://pokeapi.co/api/v2/pokemon/beedrill "HTTP/1.1 200 OK"
2025-07-02 22:44:23,928 - INFO - HTTP Request: GET https://pokeapi.co/api/v2/pokemon/raticate "HTTP/1.1 200 OK"
2025-07-02 22:44:23,950 - INFO - method=GET path=/pokemon/ status_code=200 process_time=4.8692s
2025-07-02 22:58:29,420 - INFO - method=GET path=/docs status_code=200 process_time=0.0000s
2025-07-02 22:58:29,623 - INFO - method=GET path=/openapi.json status_code=200 process_time=0.0101s
2025-07-02 22:58:33,100 - INFO - method=GET path=/digimon/iterated/ status_code=500 process_time=0.0001s
2025-07-02 22:59:19,752 - INFO - method=GET path=/digimon/iterated/ status_code=500 process_time=0.0000s
2025-07-02 22:59:20,789 - INFO - method=GET path=/docs status_code=200 process_time=0.0000s
2025-07-02 22:59:20,936 - INFO - method=GET path=/openapi.json status_code=200 process_time=0.0090s
2025-07-02 22:59:23,455 - INFO - method=GET path=/digimon/iterated/ status_code=500 process_time=0.0000s
2025-07-02 23:00:02,824 - INFO - method=GET path=/docs status_code=200 process_time=0.0000s
2025-07-02 23:00:03,041 - INFO - method=GET path=/openapi.json status_code=200 process_time=0.0110s
2025-07-02 23:00:04,990 - INFO - method=GET path=/digimon/iterated/ status_code=500 process_time=0.0010s
2025-07-02 23:01:11,831 - INFO - method=GET path=/docs status_code=200 process_time=0.0000s
2025-07-02 23:01:11,907 - INFO - method=GET path=/openapi.json status_code=200 process_time=0.0080s
2025-07-02 23:01:14,223 - INFO - HTTP Request: GET https://digimon-api.vercel.app/api/digimon "HTTP/1.1 200 OK"
2025-07-02 23:01:18,786 - INFO - HTTP Request: GET https://digimon-api.vercel.app/api/digimon/name/Tanemon "HTTP/1.1 200 OK"
2025-07-02 23:01:18,795 - INFO - HTTP Request: GET https://digimon-api.vercel.app/api/digimon/name/Shellmon "HTTP/1.1 200 OK"
2025-07-02 23:01:18,803 - INFO - HTTP Request: GET https://digimon-api.vercel.app/api/digimon/name/Tokomon "HTTP/1.1 200 OK"
2025-07-02 23:01:18,809 - INFO - HTTP Request: GET https://digimon-api.vercel.app/api/digimon/name/Kuwagamon "HTTP/1.1 200 OK"
2025-07-02 23:01:18,820 - INFO - HTTP Request: GET https://digimon-api.vercel.app/api/digimon/name/Biyomon "HTTP/1.1 200 OK"
2025-07-02 23:01:18,830 - INFO - HTTP Request: GET https://digimon-api.vercel.app/api/digimon/name/Greymon "HTTP/1.1 200 OK"
2025-07-02 23:01:18,837 - INFO - HTTP Request: GET https://digimon-api.vercel.app/api/digimon/name/Patamon "HTTP/1.1 200 OK"
2025-07-02 23:01:18,847 - INFO - HTTP Request: GET https://digimon-api.vercel.app/api/digimon/name/Tsunomon "HTTP/1.1 200 OK"
2025-07-02 23:01:18,849 - INFO - HTTP Request: GET https://digimon-api.vercel.app/api/digimon/name/Palmon "HTTP/1.1 200 OK"
2025-07-02 23:01:18,862 - INFO - HTTP Request: GET https://digimon-api.vercel.app/api/digimon/name/Bukamon "HTTP/1.1 200 OK"
2025-07-02 23:01:18,960 - INFO - HTTP Request: GET https://digimon-api.vercel.app/api/digimon/name/Yokomon "HTTP/1.1 200 OK"
2025-07-02 23:01:18,969 - INFO - HTTP Request: GET https://digimon-api.vercel.app/api/digimon/name/Seadramon "HTTP/1.1 200 OK"
2025-07-02 23:01:19,151 - INFO - HTTP Request: GET https://digimon-api.vercel.app/api/digimon/name/Monochromon "HTTP/1.1 200 OK"
2025-07-02 23:01:19,194 - INFO - HTTP Request: GET https://digimon-api.vercel.app/api/digimon/name/Motimon "HTTP/1.1 200 OK"
2025-07-02 23:01:19,215 - INFO - HTTP Request: GET https://digimon-api.vercel.app/api/digimon/name/Agumon "HTTP/1.1 200 OK"
2025-07-02 23:01:19,228 - INFO - HTTP Request: GET https://digimon-api.vercel.app/api/digimon/name/Tentomon "HTTP/1.1 200 OK"
2025-07-02 23:01:19,234 - INFO - HTTP Request: GET https://digimon-api.vercel.app/api/digimon/name/Gabumon "HTTP/1.1 200 OK"
2025-07-02 23:01:19,238 - INFO - HTTP Request: GET https://digimon-api.vercel.app/api/digimon/name/Gomamon "HTTP/1.1 200 OK"
2025-07-02 23:01:19,243 - INFO - HTTP Request: GET https://digimon-api.vercel.app/api/digimon/name/Koromon "HTTP/1.1 200 OK"
2025-07-02 23:01:19,244 - INFO - HTTP Request: GET https://digimon-api.vercel.app/api/digimon/name/Garurumon "HTTP/1.1 200 OK"
2025-07-02 23:01:19,246 - INFO - method=GET path=/digimon/iterated/ status_code=500 process_time=5.6306s
2025-07-02 23:02:29,503 - INFO - method=GET path=/docs status_code=200 process_time=0.0010s
2025-07-02 23:02:29,581 - INFO - method=GET path=/openapi.json status_code=200 process_time=0.0102s
2025-07-02 23:02:32,131 - INFO - HTTP Request: GET https://digimon-api.vercel.app/api/digimon "HTTP/1.1 200 OK"
2025-07-02 23:02:36,726 - INFO - HTTP Request: GET https://digimon-api.vercel.app/api/digimon/name/Monochromon "HTTP/1.1 200 OK"
2025-07-02 23:02:36,726 - INFO - HTTP Request: GET https://digimon-api.vercel.app/api/digimon/name/Biyomon "HTTP/1.1 200 OK"
2025-07-02 23:02:36,732 - INFO - HTTP Request: GET https://digimon-api.vercel.app/api/digimon/name/Koromon "HTTP/1.1 200 OK"
2025-07-02 23:02:36,733 - INFO - HTTP Request: GET https://digimon-api.vercel.app/api/digimon/name/Tanemon "HTTP/1.1 200 OK"
2025-07-02 23:02:36,737 - INFO - HTTP Request: GET https://digimon-api.vercel.app/api/digimon/name/Gabumon "HTTP/1.1 200 OK"
2025-07-02 23:02:36,744 - INFO - HTTP Request: GET https://digimon-api.vercel.app/api/digimon/name/Kuwagamon "HTTP/1.1 200 OK"
2025-07-02 23:02:36,753 - INFO - HTTP Request: GET https://digimon-api.vercel.app/api/digimon/name/Tokomon "HTTP/1.1 200 OK"
2025-07-02 23:02:36,754 - INFO - HTTP Request: GET https://digimon-api.vercel.app/api/digimon/name/Greymon "HTTP/1.1 200 OK"
2025-07-02 23:02:36,754 - INFO - HTTP Request: GET https://digimon-api.vercel.app/api/digimon/name/Motimon "HTTP/1.1 200 OK"
2025-07-02 23:02:36,754 - INFO - HTTP Request: GET https://digimon-api.vercel.app/api/digimon/name/Seadramon "HTTP/1.1 200 OK"
2025-07-02 23:02:36,768 - INFO - HTTP Request: GET https://digimon-api.vercel.app/api/digimon/name/Palmon "HTTP/1.1 200 OK"
2025-07-02 23:02:36,772 - INFO - HTTP Request: GET https://digimon-api.vercel.app/api/digimon/name/Gomamon "HTTP/1.1 200 OK"
2025-07-02 23:02:36,775 - INFO - HTTP Request: GET https://digimon-api.vercel.app/api/digimon/name/Yokomon "HTTP/1.1 200 OK"
2025-07-02 23:02:36,776 - INFO - HTTP Request: GET https://digimon-api.vercel.app/api/digimon/name/Tsunomon "HTTP/1.1 200 OK"
2025-07-02 23:02:36,777 - INFO - HTTP Request: GET https://digimon-api.vercel.app/api/digimon/name/Tentomon "HTTP/1.1 200 OK"
2025-07-02 23:02:36,781 - INFO - HTTP Request: GET https://digimon-api.vercel.app/api/digimon/name/Shellmon "HTTP/1.1 200 OK"
2025-07-02 23:02:36,784 - INFO - HTTP Request: GET https://digimon-api.vercel.app/api/digimon/name/Patamon "HTTP/1.1 200 OK"
2025-07-02 23:02:36,785 - INFO - HTTP Request: GET https://digimon-api.vercel.app/api/digimon/name/Garurumon "HTTP/1.1 200 OK"
2025-07-02 23:02:36,786 - INFO - HTTP Request: GET https://digimon-api.vercel.app/api/digimon/name/Agumon "HTTP/1.1 200 OK"
2025-07-02 23:02:36,787 - INFO - HTTP Request: GET https://digimon-api.vercel.app/api/digimon/name/Bukamon "HTTP/1.1 200 OK"
2025-07-02 23:02:36,787 - INFO - method=GET path=/digimon/iterated/ status_code=200 process_time=5.2272s
2025-07-02 23:03:51,865 - INFO - method=GET path=/docs status_code=200 process_time=0.0000s
2025-07-02 23:03:51,923 - INFO - method=GET path=/openapi.json status_code=200 process_time=0.0010s
2025-07-02 23:03:54,769 - INFO - HTTP Request: GET https://digimon-api.vercel.app/api/digimon "HTTP/1.1 200 OK"
2025-07-02 23:03:59,320 - INFO - HTTP Request: GET https://digimon-api.vercel.app/api/digimon/name/Tokomon "HTTP/1.1 200 OK"
2025-07-02 23:03:59,326 - INFO - HTTP Request: GET https://digimon-api.vercel.app/api/digimon/name/Yokomon "HTTP/1.1 200 OK"
2025-07-02 23:03:59,333 - INFO - HTTP Request: GET https://digimon-api.vercel.app/api/digimon/name/Koromon "HTTP/1.1 200 OK"
2025-07-02 23:03:59,335 - INFO - HTTP Request: GET https://digimon-api.vercel.app/api/digimon/name/Agumon "HTTP/1.1 200 OK"
2025-07-02 23:03:59,336 - INFO - HTTP Request: GET https://digimon-api.vercel.app/api/digimon/name/Seadramon "HTTP/1.1 200 OK"
2025-07-02 23:03:59,339 - INFO - HTTP Request: GET https://digimon-api.vercel.app/api/digimon/name/Motimon "HTTP/1.1 200 OK"
2025-07-02 23:03:59,340 - INFO - HTTP Request: GET https://digimon-api.vercel.app/api/digimon/name/Gomamon "HTTP/1.1 200 OK"
2025-07-02 23:03:59,344 - INFO - HTTP Request: GET https://digimon-api.vercel.app/api/digimon/name/Tsunomon "HTTP/1.1 200 OK"
2025-07-02 23:03:59,346 - INFO - HTTP Request: GET https://digimon-api.vercel.app/api/digimon/name/Tentomon "HTTP/1.1 200 OK"
2025-07-02 23:03:59,349 - INFO - HTTP Request: GET https://digimon-api.vercel.app/api/digimon/name/Biyomon "HTTP/1.1 200 OK"
2025-07-02 23:03:59,351 - INFO - HTTP Request: GET https://digimon-api.vercel.app/api/digimon/name/Garurumon "HTTP/1.1 200 OK"
2025-07-02 23:03:59,354 - INFO - HTTP Request: GET https://digimon-api.vercel.app/api/digimon/name/Patamon "HTTP/1.1 200 OK"
2025-07-02 23:03:59,354 - INFO - HTTP Request: GET https://digimon-api.vercel.app/api/digimon/name/Tanemon "HTTP/1.1 200 OK"
2025-07-02 23:03:59,357 - INFO - HTTP Request: GET https://digimon-api.vercel.app/api/digimon/name/Shellmon "HTTP/1.1 200 OK"
2025-07-02 23:03:59,360 - INFO - HTTP Request: GET https://digimon-api.vercel.app/api/digimon/name/Gabumon "HTTP/1.1 200 OK"
2025-07-02 23:03:59,365 - INFO - HTTP Request: GET https://digimon-api.vercel.app/api/digimon/name/Greymon "HTTP/1.1 200 OK"
2025-07-02 23:03:59,366 - INFO - HTTP Request: GET https://digimon-api.vercel.app/api/digimon/name/Palmon "HTTP/1.1 200 OK"
2025-07-02 23:03:59,366 - INFO - HTTP Request: GET https://digimon-api.vercel.app/api/digimon/name/Monochromon "HTTP/1.1 200 OK"
2025-07-02 23:03:59,369 - INFO - HTTP Request: GET https://digimon-api.vercel.app/api/digimon/name/Bukamon "HTTP/1.1 200 OK"
2025-07-02 23:03:59,490 - INFO - HTTP Request: GET https://digimon-api.vercel.app/api/digimon/name/Kuwagamon "HTTP/1.1 200 OK"
2025-07-02 23:03:59,492 - INFO - method=GET path=/digimon/iterated/ status_code=200 process_time=5.2314s
2025-07-02 23:04:17,349 - INFO - method=GET path=/docs status_code=200 process_time=0.0000s
2025-07-02 23:04:17,576 - INFO - method=GET path=/openapi.json status_code=200 process_time=0.0096s
2025-07-02 23:04:23,251 - INFO - HTTP Request: GET https://digimon-api.vercel.app/api/digimon "HTTP/1.1 200 OK"
2025-07-02 23:04:27,822 - INFO - HTTP Request: GET https://digimon-api.vercel.app/api/digimon/name/Biyomon "HTTP/1.1 200 OK"
2025-07-02 23:04:27,828 - INFO - HTTP Request: GET https://digimon-api.vercel.app/api/digimon/name/Tsunomon "HTTP/1.1 200 OK"
2025-07-02 23:04:27,830 - INFO - HTTP Request: GET https://digimon-api.vercel.app/api/digimon/name/Koromon "HTTP/1.1 200 OK"
2025-07-02 23:04:27,847 - INFO - HTTP Request: GET https://digimon-api.vercel.app/api/digimon/name/Gabumon "HTTP/1.1 200 OK"
2025-07-02 23:04:27,849 - INFO - HTTP Request: GET https://digimon-api.vercel.app/api/digimon/name/Monochromon "HTTP/1.1 200 OK"
2025-07-02 23:04:27,850 - INFO - HTTP Request: GET https://digimon-api.vercel.app/api/digimon/name/Tanemon "HTTP/1.1 200 OK"
2025-07-02 23:04:27,850 - INFO - HTTP Request: GET https://digimon-api.vercel.app/api/digimon/name/Shellmon "HTTP/1.1 200 OK"
2025-07-02 23:04:27,851 - INFO - HTTP Request: GET https://digimon-api.vercel.app/api/digimon/name/Gomamon "HTTP/1.1 200 OK"
2025-07-02 23:04:27,852 - INFO - HTTP Request: GET https://digimon-api.vercel.app/api/digimon/name/Motimon "HTTP/1.1 200 OK"
2025-07-02 23:04:27,853 - INFO - HTTP Request: GET https://digimon-api.vercel.app/api/digimon/name/Garurumon "HTTP/1.1 200 OK"
2025-07-02 23:04:27,853 - INFO - HTTP Request: GET https://digimon-api.vercel.app/api/digimon/name/Tentomon "HTTP/1.1 200 OK"
2025-07-02 23:04:27,853 - INFO - HTTP Request: GET https://digimon-api.vercel.app/api/digimon/name/Greymon "HTTP/1.1 200 OK"
2025-07-02 23:04:27,854 - INFO - HTTP Request: GET https://digimon-api.vercel.app/api/digimon/name/Palmon "HTTP/1.1 200 OK"
2025-07-02 23:04:27,854 - INFO - HTTP Request: GET https://digimon-api.vercel.app/api/digimon/name/Tokomon "HTTP/1.1 200 OK"
2025-07-02 23:04:27,855 - INFO - HTTP Request: GET https://digimon-api.vercel.app/api/digimon/name/Bukamon "HTTP/1.1 200 OK"
2025-07-02 23:04:27,858 - INFO - HTTP Request: GET https://digimon-api.vercel.app/api/digimon/name/Agumon "HTTP/1.1 200 OK"
2025-07-02 23:04:27,876 - INFO - HTTP Request: GET https://digimon-api.vercel.app/api/digimon/name/Yokomon "HTTP/1.1 200 OK"
2025-07-02 23:04:27,876 - INFO - HTTP Request: GET https://digimon-api.vercel.app/api/digimon/name/Patamon "HTTP/1.1 200 OK"
2025-07-02 23:04:27,950 - INFO - HTTP Request: GET https://digimon-api.vercel.app/api/digimon/name/Seadramon "HTTP/1.1 200 OK"
2025-07-02 23:04:27,953 - INFO - HTTP Request: GET https://digimon-api.vercel.app/api/digimon/name/Kuwagamon "HTTP/1.1 200 OK"
2025-07-02 23:04:27,955 - INFO - method=GET path=/digimon/iterated/ status_code=500 process_time=5.2463s
2025-07-02 23:06:13,611 - INFO - method=GET path=/docs status_code=200 process_time=0.0000s
2025-07-02 23:06:13,704 - INFO - method=GET path=/openapi.json status_code=200 process_time=0.0095s
2025-07-02 23:06:16,416 - INFO - HTTP Request: GET https://digimon-api.vercel.app/api/digimon "HTTP/1.1 200 OK"
2025-07-02 23:06:20,966 - INFO - HTTP Request: GET https://digimon-api.vercel.app/api/digimon/name/Bukamon "HTTP/1.1 200 OK"
2025-07-02 23:06:20,971 - INFO - HTTP Request: GET https://digimon-api.vercel.app/api/digimon/name/Tanemon "HTTP/1.1 200 OK"
2025-07-02 23:06:20,973 - INFO - HTTP Request: GET https://digimon-api.vercel.app/api/digimon/name/Koromon "HTTP/1.1 200 OK"
2025-07-02 23:06:20,975 - INFO - HTTP Request: GET https://digimon-api.vercel.app/api/digimon/name/Gomamon "HTTP/1.1 200 OK"
2025-07-02 23:06:20,975 - INFO - HTTP Request: GET https://digimon-api.vercel.app/api/digimon/name/Gabumon "HTTP/1.1 200 OK"
2025-07-02 23:06:20,975 - INFO - HTTP Request: GET https://digimon-api.vercel.app/api/digimon/name/Greymon "HTTP/1.1 200 OK"
2025-07-02 23:06:20,976 - INFO - HTTP Request: GET https://digimon-api.vercel.app/api/digimon/name/Patamon "HTTP/1.1 200 OK"
2025-07-02 23:06:20,976 - INFO - HTTP Request: GET https://digimon-api.vercel.app/api/digimon/name/Garurumon "HTTP/1.1 200 OK"
2025-07-02 23:06:20,976 - INFO - HTTP Request: GET https://digimon-api.vercel.app/api/digimon/name/Kuwagamon "HTTP/1.1 200 OK"
2025-07-02 23:06:20,977 - INFO - HTTP Request: GET https://digimon-api.vercel.app/api/digimon/name/Seadramon "HTTP/1.1 200 OK"
2025-07-02 23:06:20,978 - INFO - HTTP Request: GET https://digimon-api.vercel.app/api/digimon/name/Shellmon "HTTP/1.1 200 OK"
2025-07-02 23:06:20,978 - INFO - HTTP Request: GET https://digimon-api.vercel.app/api/digimon/name/Tokomon "HTTP/1.1 200 OK"
2025-07-02 23:06:20,979 - INFO - HTTP Request: GET https://digimon-api.vercel.app/api/digimon/name/Yokomon "HTTP/1.1 200 OK"
2025-07-02 23:06:20,979 - INFO - HTTP Request: GET https://digimon-api.vercel.app/api/digimon/name/Monochromon "HTTP/1.1 200 OK"
2025-07-02 23:06:20,982 - INFO - HTTP Request: GET https://digimon-api.vercel.app/api/digimon/name/Biyomon "HTTP/1.1 200 OK"
2025-07-02 23:06:20,983 - INFO - HTTP Request: GET https://digimon-api.vercel.app/api/digimon/name/Tsunomon "HTTP/1.1 200 OK"
2025-07-02 23:06:20,985 - INFO - HTTP Request: GET https://digimon-api.vercel.app/api/digimon/name/Motimon "HTTP/1.1 200 OK"
2025-07-02 23:06:20,990 - INFO - HTTP Request: GET https://digimon-api.vercel.app/api/digimon/name/Tentomon "HTTP/1.1 200 OK"
2025-07-02 23:06:21,144 - INFO - HTTP Request: GET https://digimon-api.vercel.app/api/digimon/name/Palmon "HTTP/1.1 200 OK"
2025-07-02 23:06:21,147 - INFO - HTTP Request: GET https://digimon-api.vercel.app/api/digimon/name/Agumon "HTTP/1.1 200 OK"
2025-07-02 23:06:21,149 - INFO - method=GET path=/digimon/iterated/ status_code=500 process_time=5.2601s
2025-07-02 23:07:04,478 - INFO - method=GET path=/ status_code=200 process_time=0.0010s
2025-07-02 23:07:08,522 - INFO - method=GET path=/docs status_code=200 process_time=0.0000s
2025-07-02 23:07:08,719 - INFO - method=GET path=/openapi.json status_code=200 process_time=0.0090s
2025-07-02 23:07:12,131 - INFO - HTTP Request: GET https://digimon-api.vercel.app/api/digimon "HTTP/1.1 200 OK"
2025-07-02 23:07:16,692 - INFO - HTTP Request: GET https://digimon-api.vercel.app/api/digimon/name/Motimon "HTTP/1.1 200 OK"
2025-07-02 23:07:16,695 - INFO - HTTP Request: GET https://digimon-api.vercel.app/api/digimon/name/Tentomon "HTTP/1.1 200 OK"
2025-07-02 23:07:16,709 - INFO - HTTP Request: GET https://digimon-api.vercel.app/api/digimon/name/Agumon "HTTP/1.1 200 OK"
2025-07-02 23:07:16,710 - INFO - HTTP Request: GET https://digimon-api.vercel.app/api/digimon/name/Gomamon "HTTP/1.1 200 OK"
2025-07-02 23:07:16,714 - INFO - HTTP Request: GET https://digimon-api.vercel.app/api/digimon/name/Kuwagamon "HTTP/1.1 200 OK"
2025-07-02 23:07:16,714 - INFO - HTTP Request: GET https://digimon-api.vercel.app/api/digimon/name/Bukamon "HTTP/1.1 200 OK"
2025-07-02 23:07:16,715 - INFO - HTTP Request: GET https://digimon-api.vercel.app/api/digimon/name/Tokomon "HTTP/1.1 200 OK"
2025-07-02 23:07:16,715 - INFO - HTTP Request: GET https://digimon-api.vercel.app/api/digimon/name/Patamon "HTTP/1.1 200 OK"
2025-07-02 23:07:16,716 - INFO - HTTP Request: GET https://digimon-api.vercel.app/api/digimon/name/Greymon "HTTP/1.1 200 OK"
2025-07-02 23:07:16,716 - INFO - HTTP Request: GET https://digimon-api.vercel.app/api/digimon/name/Gabumon "HTTP/1.1 200 OK"
2025-07-02 23:07:16,717 - INFO - HTTP Request: GET https://digimon-api.vercel.app/api/digimon/name/Tsunomon "HTTP/1.1 200 OK"
2025-07-02 23:07:16,717 - INFO - HTTP Request: GET https://digimon-api.vercel.app/api/digimon/name/Garurumon "HTTP/1.1 200 OK"
2025-07-02 23:07:16,717 - INFO - HTTP Request: GET https://digimon-api.vercel.app/api/digimon/name/Koromon "HTTP/1.1 200 OK"
2025-07-02 23:07:16,718 - INFO - HTTP Request: GET https://digimon-api.vercel.app/api/digimon/name/Biyomon "HTTP/1.1 200 OK"
2025-07-02 23:07:16,719 - INFO - HTTP Request: GET https://digimon-api.vercel.app/api/digimon/name/Tanemon "HTTP/1.1 200 OK"
2025-07-02 23:07:16,719 - INFO - HTTP Request: GET https://digimon-api.vercel.app/api/digimon/name/Yokomon "HTTP/1.1 200 OK"
2025-07-02 23:07:16,723 - INFO - HTTP Request: GET https://digimon-api.vercel.app/api/digimon/name/Monochromon "HTTP/1.1 200 OK"
2025-07-02 23:07:16,744 - INFO - HTTP Request: GET https://digimon-api.vercel.app/api/digimon/name/Palmon "HTTP/1.1 200 OK"
2025-07-02 23:07:16,895 - INFO - HTTP Request: GET https://digimon-api.vercel.app/api/digimon/name/Shellmon "HTTP/1.1 200 OK"
2025-07-02 23:07:16,896 - INFO - HTTP Request: GET https://digimon-api.vercel.app/api/digimon/name/Seadramon "HTTP/1.1 200 OK"
2025-07-02 23:07:16,897 - INFO - method=GET path=/digimon/iterated/ status_code=500 process_time=5.2880s
2025-07-02 23:07:59,230 - INFO - method=GET path=/docs status_code=200 process_time=0.0000s
2025-07-02 23:07:59,303 - INFO - method=GET path=/openapi.json status_code=200 process_time=0.0100s
2025-07-02 23:08:01,953 - INFO - HTTP Request: GET https://digimon-api.vercel.app/api/digimon "HTTP/1.1 200 OK"
2025-07-02 23:08:06,585 - INFO - HTTP Request: GET https://digimon-api.vercel.app/api/digimon/name/Motimon "HTTP/1.1 200 OK"
2025-07-02 23:08:06,587 - INFO - HTTP Request: GET https://digimon-api.vercel.app/api/digimon/name/Shellmon "HTTP/1.1 200 OK"
2025-07-02 23:08:06,587 - INFO - HTTP Request: GET https://digimon-api.vercel.app/api/digimon/name/Koromon "HTTP/1.1 200 OK"
2025-07-02 23:08:06,587 - INFO - HTTP Request: GET https://digimon-api.vercel.app/api/digimon/name/Bukamon "HTTP/1.1 200 OK"
2025-07-02 23:08:06,588 - INFO - HTTP Request: GET https://digimon-api.vercel.app/api/digimon/name/Patamon "HTTP/1.1 200 OK"
2025-07-02 23:08:06,591 - INFO - HTTP Request: GET https://digimon-api.vercel.app/api/digimon/name/Gomamon "HTTP/1.1 200 OK"
2025-07-02 23:08:06,591 - INFO - HTTP Request: GET https://digimon-api.vercel.app/api/digimon/name/Tanemon "HTTP/1.1 200 OK"
2025-07-02 23:08:06,591 - INFO - HTTP Request: GET https://digimon-api.vercel.app/api/digimon/name/Yokomon "HTTP/1.1 200 OK"
2025-07-02 23:08:06,592 - INFO - HTTP Request: GET https://digimon-api.vercel.app/api/digimon/name/Tsunomon "HTTP/1.1 200 OK"
2025-07-02 23:08:06,597 - INFO - HTTP Request: GET https://digimon-api.vercel.app/api/digimon/name/Kuwagamon "HTTP/1.1 200 OK"
2025-07-02 23:08:06,598 - INFO - HTTP Request: GET https://digimon-api.vercel.app/api/digimon/name/Biyomon "HTTP/1.1 200 OK"
2025-07-02 23:08:06,598 - INFO - HTTP Request: GET https://digimon-api.vercel.app/api/digimon/name/Monochromon "HTTP/1.1 200 OK"
2025-07-02 23:08:06,599 - INFO - HTTP Request: GET https://digimon-api.vercel.app/api/digimon/name/Palmon "HTTP/1.1 200 OK"
2025-07-02 23:08:06,599 - INFO - HTTP Request: GET https://digimon-api.vercel.app/api/digimon/name/Gabumon "HTTP/1.1 200 OK"
2025-07-02 23:08:06,599 - INFO - HTTP Request: GET https://digimon-api.vercel.app/api/digimon/name/Greymon "HTTP/1.1 200 OK"
2025-07-02 23:08:06,599 - INFO - HTTP Request: GET https://digimon-api.vercel.app/api/digimon/name/Tokomon "HTTP/1.1 200 OK"
2025-07-02 23:08:06,605 - INFO - HTTP Request: GET https://digimon-api.vercel.app/api/digimon/name/Agumon "HTTP/1.1 200 OK"
2025-07-02 23:08:06,606 - INFO - HTTP Request: GET https://digimon-api.vercel.app/api/digimon/name/Garurumon "HTTP/1.1 200 OK"
2025-07-02 23:08:06,611 - INFO - HTTP Request: GET https://digimon-api.vercel.app/api/digimon/name/Seadramon "HTTP/1.1 200 OK"
2025-07-02 23:08:06,614 - INFO - HTTP Request: GET https://digimon-api.vercel.app/api/digimon/name/Tentomon "HTTP/1.1 200 OK"
2025-07-02 23:08:06,614 - INFO - method=GET path=/digimon/iterated/ status_code=500 process_time=5.1764s
2025-07-02 23:08:50,349 - INFO - HTTP Request: GET https://digimon-api.vercel.app/api/digimon "HTTP/1.1 200 OK"
2025-07-02 23:08:54,891 - INFO - HTTP Request: GET https://digimon-api.vercel.app/api/digimon/name/Tentomon "HTTP/1.1 200 OK"
2025-07-02 23:08:54,894 - INFO - HTTP Request: GET https://digimon-api.vercel.app/api/digimon/name/Garurumon "HTTP/1.1 200 OK"
2025-07-02 23:08:54,895 - INFO - HTTP Request: GET https://digimon-api.vercel.app/api/digimon/name/Koromon "HTTP/1.1 200 OK"
2025-07-02 23:08:54,899 - INFO - HTTP Request: GET https://digimon-api.vercel.app/api/digimon/name/Yokomon "HTTP/1.1 200 OK"
2025-07-02 23:08:54,899 - INFO - HTTP Request: GET https://digimon-api.vercel.app/api/digimon/name/Motimon "HTTP/1.1 200 OK"
2025-07-02 23:08:54,901 - INFO - HTTP Request: GET https://digimon-api.vercel.app/api/digimon/name/Biyomon "HTTP/1.1 200 OK"
2025-07-02 23:08:54,902 - INFO - HTTP Request: GET https://digimon-api.vercel.app/api/digimon/name/Agumon "HTTP/1.1 200 OK"
2025-07-02 23:08:54,902 - INFO - HTTP Request: GET https://digimon-api.vercel.app/api/digimon/name/Gomamon "HTTP/1.1 200 OK"
2025-07-02 23:08:54,902 - INFO - HTTP Request: GET https://digimon-api.vercel.app/api/digimon/name/Tokomon "HTTP/1.1 200 OK"
2025-07-02 23:08:54,903 - INFO - HTTP Request: GET https://digimon-api.vercel.app/api/digimon/name/Patamon "HTTP/1.1 200 OK"
2025-07-02 23:08:54,903 - INFO - HTTP Request: GET https://digimon-api.vercel.app/api/digimon/name/Tsunomon "HTTP/1.1 200 OK"
2025-07-02 23:08:54,904 - INFO - HTTP Request: GET https://digimon-api.vercel.app/api/digimon/name/Bukamon "HTTP/1.1 200 OK"
2025-07-02 23:08:54,904 - INFO - HTTP Request: GET https://digimon-api.vercel.app/api/digimon/name/Greymon "HTTP/1.1 200 OK"
2025-07-02 23:08:54,905 - INFO - HTTP Request: GET https://digimon-api.vercel.app/api/digimon/name/Tanemon "HTTP/1.1 200 OK"
2025-07-02 23:08:54,907 - INFO - HTTP Request: GET https://digimon-api.vercel.app/api/digimon/name/Seadramon "HTTP/1.1 200 OK"
2025-07-02 23:08:54,908 - INFO - HTTP Request: GET https://digimon-api.vercel.app/api/digimon/name/Monochromon "HTTP/1.1 200 OK"
2025-07-02 23:08:54,917 - INFO - HTTP Request: GET https://digimon-api.vercel.app/api/digimon/name/Palmon "HTTP/1.1 200 OK"
2025-07-02 23:08:54,926 - INFO - HTTP Request: GET https://digimon-api.vercel.app/api/digimon/name/Gabumon "HTTP/1.1 200 OK"
2025-07-02 23:08:54,983 - INFO - HTTP Request: GET https://digimon-api.vercel.app/api/digimon/name/Kuwagamon "HTTP/1.1 200 OK"
2025-07-02 23:08:54,985 - INFO - HTTP Request: GET https://digimon-api.vercel.app/api/digimon/name/Shellmon "HTTP/1.1 200 OK"
2025-07-02 23:08:54,986 - INFO - method=GET path=/digimon/iterated/ status_code=500 process_time=5.1512s
2025-07-02 23:09:37,813 - INFO - method=GET path=/docs status_code=200 process_time=0.0000s
2025-07-02 23:09:37,879 - INFO - method=GET path=/openapi.json status_code=200 process_time=0.0091s
2025-07-02 23:09:40,164 - INFO - HTTP Request: GET https://digimon-api.vercel.app/api/digimon "HTTP/1.1 200 OK"
2025-07-02 23:09:44,757 - INFO - HTTP Request: GET https://digimon-api.vercel.app/api/digimon/name/Greymon "HTTP/1.1 200 OK"
2025-07-02 23:09:44,763 - INFO - HTTP Request: GET https://digimon-api.vercel.app/api/digimon/name/Tsunomon "HTTP/1.1 200 OK"
2025-07-02 23:09:44,768 - INFO - HTTP Request: GET https://digimon-api.vercel.app/api/digimon/name/Bukamon "HTTP/1.1 200 OK"
2025-07-02 23:09:44,768 - INFO - HTTP Request: GET https://digimon-api.vercel.app/api/digimon/name/Tokomon "HTTP/1.1 200 OK"
2025-07-02 23:09:44,768 - INFO - HTTP Request: GET https://digimon-api.vercel.app/api/digimon/name/Agumon "HTTP/1.1 200 OK"
2025-07-02 23:09:44,769 - INFO - HTTP Request: GET https://digimon-api.vercel.app/api/digimon/name/Motimon "HTTP/1.1 200 OK"
2025-07-02 23:09:44,770 - INFO - HTTP Request: GET https://digimon-api.vercel.app/api/digimon/name/Patamon "HTTP/1.1 200 OK"
2025-07-02 23:09:44,770 - INFO - HTTP Request: GET https://digimon-api.vercel.app/api/digimon/name/Palmon "HTTP/1.1 200 OK"
2025-07-02 23:09:44,771 - INFO - HTTP Request: GET https://digimon-api.vercel.app/api/digimon/name/Yokomon "HTTP/1.1 200 OK"
2025-07-02 23:09:44,771 - INFO - HTTP Request: GET https://digimon-api.vercel.app/api/digimon/name/Tentomon "HTTP/1.1 200 OK"
2025-07-02 23:09:44,773 - INFO - HTTP Request: GET https://digimon-api.vercel.app/api/digimon/name/Tanemon "HTTP/1.1 200 OK"
2025-07-02 23:09:44,773 - INFO - HTTP Request: GET https://digimon-api.vercel.app/api/digimon/name/Gomamon "HTTP/1.1 200 OK"
2025-07-02 23:09:44,774 - INFO - HTTP Request: GET https://digimon-api.vercel.app/api/digimon/name/Gabumon "HTTP/1.1 200 OK"
2025-07-02 23:09:44,774 - INFO - HTTP Request: GET https://digimon-api.vercel.app/api/digimon/name/Koromon "HTTP/1.1 200 OK"
2025-07-02 23:09:44,775 - INFO - HTTP Request: GET https://digimon-api.vercel.app/api/digimon/name/Kuwagamon "HTTP/1.1 200 OK"
2025-07-02 23:09:44,775 - INFO - HTTP Request: GET https://digimon-api.vercel.app/api/digimon/name/Biyomon "HTTP/1.1 200 OK"
2025-07-02 23:09:44,776 - INFO - HTTP Request: GET https://digimon-api.vercel.app/api/digimon/name/Garurumon "HTTP/1.1 200 OK"
2025-07-02 23:09:44,924 - INFO - HTTP Request: GET https://digimon-api.vercel.app/api/digimon/name/Monochromon "HTTP/1.1 200 OK"
2025-07-02 23:09:44,926 - INFO - HTTP Request: GET https://digimon-api.vercel.app/api/digimon/name/Shellmon "HTTP/1.1 200 OK"
2025-07-02 23:09:44,932 - INFO - HTTP Request: GET https://digimon-api.vercel.app/api/digimon/name/Seadramon "HTTP/1.1 200 OK"
2025-07-02 23:09:44,932 - INFO - method=GET path=/digimon/iterated/ status_code=200 process_time=5.3006s
